<?xml version="1.0" encoding="UTF-8"?>
<testsuite name="com.example.cardiacrecorder.MyUnitTest" tests="1" skipped="0" failures="0" errors="0" timestamp="2022-07-27T17:18:03" hostname="DESKTOP-G8AM4LQ" time="0.004">
  <properties/>
  <testcase name="deleteRecordTest" classname="com.example.cardiacrecorder.MyUnitTest" time="0.004"/>
  <system-out><![CDATA[]]></system-out>
  <system-err><![CDATA[]]></system-err>
</testsuite>
